Unity Editor version:    2021.2.10f1 (ee872746220e)
Branch:                  2021.2/staging
Build type:              Release
Batch mode:              YES
macOS version:           Version 12.2.1 (Build 21D62)
Darwin version:          21.3.0
Architecture:            arm64
Running under Rosetta:   NO
Available memory:        8192 MB
Using pre-set license
Pro License: NO

COMMAND LINE ARGUMENTS:
/Applications/Unity/Hub/Editor/2021.2.10f1/Unity.app/Contents/MacOS/Unity
-adb2
-batchMode
-noUpm
-name
AssetImportWorker0
-projectPath
/Users/sarahju/VR_Shopping_7
-logFile
Logs/AssetImportWorker0.log
-srvPort
51346
Successfully changed project path to: /Users/sarahju/VR_Shopping_7
/Users/sarahju/VR_Shopping_7
[UnityMemory] Configuration Parameters - Can be set up in boot.config
    "memorysetup-bucket-allocator-granularity=16"
    "memorysetup-bucket-allocator-bucket-count=8"
    "memorysetup-bucket-allocator-block-size=33554432"
    "memorysetup-bucket-allocator-block-count=8"
    "memorysetup-main-allocator-block-size=16777216"
    "memorysetup-thread-allocator-block-size=16777216"
    "memorysetup-gfx-main-allocator-block-size=16777216"
    "memorysetup-gfx-thread-allocator-block-size=16777216"
    "memorysetup-cache-allocator-block-size=4194304"
    "memorysetup-typetree-allocator-block-size=2097152"
    "memorysetup-profiler-bucket-allocator-granularity=16"
    "memorysetup-profiler-bucket-allocator-bucket-count=8"
    "memorysetup-profiler-bucket-allocator-block-size=33554432"
    "memorysetup-profiler-bucket-allocator-block-count=8"
    "memorysetup-profiler-allocator-block-size=16777216"
    "memorysetup-profiler-editor-allocator-block-size=1048576"
    "memorysetup-temp-allocator-size-main=16777216"
    "memorysetup-job-temp-allocator-block-size=2097152"
    "memorysetup-job-temp-allocator-block-size-background=1048576"
    "memorysetup-job-temp-allocator-reduction-small-platforms=262144"
    "memorysetup-temp-allocator-size-background-worker=32768"
    "memorysetup-temp-allocator-size-job-worker=262144"
    "memorysetup-temp-allocator-size-preload-manager=33554432"
    "memorysetup-temp-allocator-size-nav-mesh-worker=65536"
    "memorysetup-temp-allocator-size-audio-worker=65536"
    "memorysetup-temp-allocator-size-cloud-worker=32768"
    "memorysetup-temp-allocator-size-gi-baking-worker=262144"
    "memorysetup-temp-allocator-size-gfx=262144"
Refreshing native plugins compatible for Editor in 238.00 ms, found 5 plugins.
Preloading 1 native plugins for Editor in 7.12 ms.
Initialize engine version: 2021.2.10f1 (ee872746220e)
[Subsystems] Discovering subsystems at path /Applications/Unity/Hub/Editor/2021.2.10f1/Unity.app/Contents/Resources/UnitySubsystems
[Subsystems] Discovering subsystems at path /Users/sarahju/VR_Shopping_7/Assets
GfxDevice: creating device client; threaded=0; jobified=0
 preferred device: Apple M1 (high power)
Metal devices available: 1
0: Apple M1 (high power)
Using device Apple M1 (high power)
Initializing Metal device caps: Apple M1
Initialize mono
Mono path[0] = '/Applications/Unity/Hub/Editor/2021.2.10f1/Unity.app/Contents/Managed'
Mono path[1] = '/Applications/Unity/Hub/Editor/2021.2.10f1/Unity.app/Contents/MonoBleedingEdge/lib/mono/unityjit-macos'
Mono config path = '/Applications/Unity/Hub/Editor/2021.2.10f1/Unity.app/Contents/MonoBleedingEdge/etc'
Using monoOptions --debugger-agent=transport=dt_socket,embedding=1,server=y,suspend=n,address=127.0.0.1:56857
Begin MonoManager ReloadAssembly
Registering precompiled unity dll's ...
Register platform support module: /Applications/Unity/Hub/Editor/2021.2.10f1/Unity.app/Contents/PlaybackEngines/MacStandaloneSupport/UnityEditor.OSXStandalone.Extensions.dll
Registered in 0.001581 seconds.
Native extension for OSXStandalone target not found
Refreshing native plugins compatible for Editor in 116.52 ms, found 5 plugins.
Preloading 1 native plugins for Editor in 0.21 ms.
Mono: successfully reloaded assembly
- Completed reload, in  0.507 seconds
Domain Reload Profiling:
	ReloadAssembly (507ms)
		BeginReloadAssembly (93ms)
			ExecutionOrderSort (0ms)
			DisableScriptedObjects (0ms)
			BackupInstance (0ms)
			ReleaseScriptingObjects (0ms)
			CreateAndSetChildDomain (0ms)
		EndReloadAssembly (362ms)
			LoadAssemblies (94ms)
			RebuildTransferFunctionScriptingTraits (0ms)
			SetupTypeCache (80ms)
			ReleaseScriptCaches (0ms)
			RebuildScriptCaches (18ms)
			SetupLoadedEditorAssemblies (232ms)
				LogAssemblyErrors (0ms)
				InitializePlatformSupportModulesInManaged (7ms)
				SetLoadedEditorAssemblies (0ms)
				RefreshPlugins (117ms)
				BeforeProcessingInitializeOnLoad (1ms)
				ProcessInitializeOnLoadAttributes (79ms)
				ProcessInitializeOnLoadMethodAttributes (28ms)
				AfterProcessingInitializeOnLoad (0ms)
				EditorAssembliesLoaded (0ms)
			ExecutionOrderSort2 (0ms)
			AwakeInstancesAfterBackupRestoration (0ms)
Platform modules already initialized, skipping
Registering precompiled user dll's ...
Registered in 0.008478 seconds.
Begin MonoManager ReloadAssembly
Symbol file LoadedFromMemory doesn't match image /Users/sarahju/VR_Shopping_7/Library/PackageCache/com.unity.visualscripting@1.7.6/Editor/VisualScripting.Core/Dependencies/DotNetZip/Unity.VisualScripting.IonicZip.dll
Symbol file LoadedFromMemory doesn't match image /Users/sarahju/VR_Shopping_7/Library/PackageCache/com.unity.visualscripting@1.7.6/Editor/VisualScripting.Core/Dependencies/YamlDotNet/Unity.VisualScripting.YamlDotNet.dll
Native extension for OSXStandalone target not found
Refreshing native plugins compatible for Editor in 111.70 ms, found 5 plugins.
Preloading 1 native plugins for Editor in 0.22 ms.
Package Manager log level set to [2]
Mono: successfully reloaded assembly
- Completed reload, in  2.016 seconds
Domain Reload Profiling:
	ReloadAssembly (2017ms)
		BeginReloadAssembly (56ms)
			ExecutionOrderSort (0ms)
			DisableScriptedObjects (3ms)
			BackupInstance (0ms)
			ReleaseScriptingObjects (0ms)
			CreateAndSetChildDomain (14ms)
		EndReloadAssembly (1906ms)
			LoadAssemblies (85ms)
			RebuildTransferFunctionScriptingTraits (0ms)
			SetupTypeCache (203ms)
			ReleaseScriptCaches (4ms)
			RebuildScriptCaches (58ms)
			SetupLoadedEditorAssemblies (1527ms)
				LogAssemblyErrors (0ms)
				InitializePlatformSupportModulesInManaged (4ms)
				SetLoadedEditorAssemblies (0ms)
				RefreshPlugins (112ms)
				BeforeProcessingInitializeOnLoad (76ms)
				ProcessInitializeOnLoadAttributes (1285ms)
				ProcessInitializeOnLoadMethodAttributes (50ms)
				AfterProcessingInitializeOnLoad (1ms)
				EditorAssembliesLoaded (0ms)
			ExecutionOrderSort2 (0ms)
			AwakeInstancesAfterBackupRestoration (2ms)
Platform modules already initialized, skipping
========================================================================
Worker process is ready to serve import requests
Shader 'Oculus/OVRMRCameraFrameLit': fallback shader 'Alpha-Diffuse' not found
Shader 'Oculus/OVRMRCameraFrameLit': fallback shader 'Alpha-Diffuse' not found
Launching external process: /Applications/Unity/Hub/Editor/2021.2.10f1/Unity.app/Contents/Tools/UnityShaderCompiler
Launched and connected shader compiler UnityShaderCompiler after 0.31 seconds
Refreshing native plugins compatible for Editor in 0.79 ms, found 5 plugins.
Preloading 1 native plugins for Editor in 0.17 ms.
Unloading 6724 Unused Serialized files (Serialized files now loaded: 0)
Unloading 139 unused Assets / (9.1 MB). Loaded Objects now: 7082.
Memory consumption went from 415.9 MB to 406.9 MB.
Total: 6.948750 ms (FindLiveObjects: 1.685042 ms CreateObjectMapping: 0.094625 ms MarkObjects: 3.027292 ms  DeleteObjects: 2.141041 ms)

AssetImportParameters requested are different than current active one (requested -> active):
  custom:video-decoder-ogg-theora: a1e56fd34408186e4bbccfd4996cb3dc -> 
  custom:container-muxer-webm: aa71ff27fc2769a1b78a27578f13a17b -> 
  custom:container-demuxer-webm: 4f35f7cbe854078d1ac9338744f61a02 -> 
  custom:video-encoder-webm-vp8: eb34c28f22e8b96e1ab97ce403110664 -> 
  custom:framework-osx-AVFoundation: e770b220cccbd017edd2c1fefb359320 -> 
  custom:audio-encoder-webm-vorbis: bf7c407c2cedff20999df2af8eb42d56 -> 
  custom:container-demuxer-ogg: 62fdf1f143b41e24485cea50d1cbac27 -> 
  custom:video-decoder-webm-vp8: 9c59270c3fd7afecdb556c50c9e8de78 -> 
  custom:audio-decoder-ogg-vorbis: bf7c407c2cedff20999df2af8eb42d56 -> 
========================================================================
Received Prepare
Shader 'Oculus/OVRMRCameraFrameLit': fallback shader 'Alpha-Diffuse' not found
Shader 'Oculus/OVRMRCameraFrameLit': fallback shader 'Alpha-Diffuse' not found
Refreshing native plugins compatible for Editor in 8.47 ms, found 5 plugins.
Preloading 1 native plugins for Editor in 0.33 ms.
Unloading 128 Unused Serialized files (Serialized files now loaded: 0)
Unloading 129 unused Assets / (9.1 MB). Loaded Objects now: 7082.
Memory consumption went from 276.5 MB to 267.4 MB.
Total: 14.884416 ms (FindLiveObjects: 0.269208 ms CreateObjectMapping: 0.088292 ms MarkObjects: 11.955541 ms  DeleteObjects: 2.570625 ms)

AssetImportParameters requested are different than current active one (requested -> active):
  custom:video-decoder-ogg-theora: a1e56fd34408186e4bbccfd4996cb3dc -> 
  custom:container-muxer-webm: aa71ff27fc2769a1b78a27578f13a17b -> 
  custom:container-demuxer-webm: 4f35f7cbe854078d1ac9338744f61a02 -> 
  custom:video-encoder-webm-vp8: eb34c28f22e8b96e1ab97ce403110664 -> 
  custom:framework-osx-AVFoundation: e770b220cccbd017edd2c1fefb359320 -> 
  custom:audio-encoder-webm-vorbis: bf7c407c2cedff20999df2af8eb42d56 -> 
  custom:container-demuxer-ogg: 62fdf1f143b41e24485cea50d1cbac27 -> 
  custom:video-decoder-webm-vp8: 9c59270c3fd7afecdb556c50c9e8de78 -> 
  custom:audio-decoder-ogg-vorbis: bf7c407c2cedff20999df2af8eb42d56 -> 
========================================================================
Received Prepare
Shader 'Oculus/OVRMRCameraFrameLit': fallback shader 'Alpha-Diffuse' not found
Shader 'Oculus/OVRMRCameraFrameLit': fallback shader 'Alpha-Diffuse' not found
Refreshing native plugins compatible for Editor in 8.72 ms, found 5 plugins.
Preloading 1 native plugins for Editor in 0.39 ms.
Unloading 128 Unused Serialized files (Serialized files now loaded: 0)
Unloading 129 unused Assets / (9.1 MB). Loaded Objects now: 7082.
Memory consumption went from 277.0 MB to 267.9 MB.
Total: 18.535500 ms (FindLiveObjects: 0.300917 ms CreateObjectMapping: 0.087708 ms MarkObjects: 15.448584 ms  DeleteObjects: 2.697792 ms)

AssetImportParameters requested are different than current active one (requested -> active):
  custom:video-decoder-ogg-theora: a1e56fd34408186e4bbccfd4996cb3dc -> 
  custom:container-muxer-webm: aa71ff27fc2769a1b78a27578f13a17b -> 
  custom:container-demuxer-webm: 4f35f7cbe854078d1ac9338744f61a02 -> 
  custom:video-encoder-webm-vp8: eb34c28f22e8b96e1ab97ce403110664 -> 
  custom:framework-osx-AVFoundation: e770b220cccbd017edd2c1fefb359320 -> 
  custom:audio-encoder-webm-vorbis: bf7c407c2cedff20999df2af8eb42d56 -> 
  custom:container-demuxer-ogg: 62fdf1f143b41e24485cea50d1cbac27 -> 
  custom:video-decoder-webm-vp8: 9c59270c3fd7afecdb556c50c9e8de78 -> 
  custom:audio-decoder-ogg-vorbis: bf7c407c2cedff20999df2af8eb42d56 -> 
========================================================================
Received Import Request.
  Time since last request: 44722.844873 seconds.
  path: Assets/Scenes/Supermarket_01.unity
  artifactKey: Guid(e8a38ce024bda0649bc6f5f575f35bd3) Importer(815301076,1909f56bfc062723c751e8b465ee728b)
Start importing Assets/Scenes/Supermarket_01.unity using Guid(e8a38ce024bda0649bc6f5f575f35bd3) Importer(815301076,1909f56bfc062723c751e8b465ee728b)  -> (artifact id: '18f93579e05ca83dad10d2ab23e67630') in 0.087683 seconds 
========================================================================
Received Prepare
Shader 'Oculus/OVRMRCameraFrameLit': fallback shader 'Alpha-Diffuse' not found
Shader 'Oculus/OVRMRCameraFrameLit': fallback shader 'Alpha-Diffuse' not found
Refreshing native plugins compatible for Editor in 3.16 ms, found 5 plugins.
Preloading 1 native plugins for Editor in 0.23 ms.
Unloading 128 Unused Serialized files (Serialized files now loaded: 0)
Unloading 129 unused Assets / (9.1 MB). Loaded Objects now: 7082.
Memory consumption went from 277.3 MB to 268.2 MB.
Total: 26.404208 ms (FindLiveObjects: 0.423166 ms CreateObjectMapping: 0.116125 ms MarkObjects: 23.262667 ms  DeleteObjects: 2.601583 ms)

AssetImportParameters requested are different than current active one (requested -> active):
  custom:video-decoder-ogg-theora: a1e56fd34408186e4bbccfd4996cb3dc -> 
  custom:container-muxer-webm: aa71ff27fc2769a1b78a27578f13a17b -> 
  custom:container-demuxer-webm: 4f35f7cbe854078d1ac9338744f61a02 -> 
  custom:video-encoder-webm-vp8: eb34c28f22e8b96e1ab97ce403110664 -> 
  custom:framework-osx-AVFoundation: e770b220cccbd017edd2c1fefb359320 -> 
  custom:audio-encoder-webm-vorbis: bf7c407c2cedff20999df2af8eb42d56 -> 
  custom:container-demuxer-ogg: 62fdf1f143b41e24485cea50d1cbac27 -> 
  custom:video-decoder-webm-vp8: 9c59270c3fd7afecdb556c50c9e8de78 -> 
  custom:audio-decoder-ogg-vorbis: bf7c407c2cedff20999df2af8eb42d56 -> 
========================================================================
Received Import Request.
  Time since last request: 434.000738 seconds.
  path: Assets/SupermarketInterior_v2/Prefabs/Simple_prefabs/PREF_inner_wall_01.prefab
  artifactKey: Guid(8714231362575c94eaae0fb3372d1bee) Importer(815301076,1909f56bfc062723c751e8b465ee728b)
Start importing Assets/SupermarketInterior_v2/Prefabs/Simple_prefabs/PREF_inner_wall_01.prefab using Guid(8714231362575c94eaae0fb3372d1bee) Importer(815301076,1909f56bfc062723c751e8b465ee728b)  -> (artifact id: '79aed35acacbaa2b4a436ffa3933564e') in 1.023752 seconds 
========================================================================
Received Import Request.
  Time since last request: 0.000145 seconds.
  path: Assets/SupermarketInterior_v2/Prefabs/Simple_prefabs/PREF_shelfs_02_set_03.prefab
  artifactKey: Guid(8e2a0dd31e1ed0f4c9a70f3888ef4072) Importer(815301076,1909f56bfc062723c751e8b465ee728b)
Start importing Assets/SupermarketInterior_v2/Prefabs/Simple_prefabs/PREF_shelfs_02_set_03.prefab using Guid(8e2a0dd31e1ed0f4c9a70f3888ef4072) Importer(815301076,1909f56bfc062723c751e8b465ee728b)  -> (artifact id: '7400abb90d1d06cd1e0f2b60efc408af') in 0.011314 seconds 
========================================================================
Received Import Request.
  Time since last request: 0.000106 seconds.
  path: Assets/SupermarketInterior_v2/Prefabs/Simple_prefabs/PREF_roof_02.prefab
  artifactKey: Guid(8865bdd00dfe755429ceb071a616a72d) Importer(815301076,1909f56bfc062723c751e8b465ee728b)
Start importing Assets/SupermarketInterior_v2/Prefabs/Simple_prefabs/PREF_roof_02.prefab using Guid(8865bdd00dfe755429ceb071a616a72d) Importer(815301076,1909f56bfc062723c751e8b465ee728b)  -> (artifact id: '9a912aed53a46782cfb9d42f9604acd2') in 0.017706 seconds 
========================================================================
Received Import Request.
  Time since last request: 0.000070 seconds.
  path: Assets/SupermarketInterior_v2/Prefabs/Simple_prefabs/PREF_out_wall_05.prefab
  artifactKey: Guid(cb24d3d06f377ec42bc424616533541e) Importer(815301076,1909f56bfc062723c751e8b465ee728b)
Start importing Assets/SupermarketInterior_v2/Prefabs/Simple_prefabs/PREF_out_wall_05.prefab using Guid(cb24d3d06f377ec42bc424616533541e) Importer(815301076,1909f56bfc062723c751e8b465ee728b)  -> (artifact id: '9036ebbabf6491536b8ac99d1a1ef46c') in 0.014693 seconds 
========================================================================
Received Import Request.
  Time since last request: 0.000061 seconds.
  path: Assets/SupermarketInterior_v2/Prefabs/Simple_prefabs/PREF_lift_01.prefab
  artifactKey: Guid(e98714ddf25815c448d4dcc9e3259984) Importer(815301076,1909f56bfc062723c751e8b465ee728b)
Start importing Assets/SupermarketInterior_v2/Prefabs/Simple_prefabs/PREF_lift_01.prefab using Guid(e98714ddf25815c448d4dcc9e3259984) Importer(815301076,1909f56bfc062723c751e8b465ee728b)  -> (artifact id: '8eac8a881ceeeb8045af282183bf98dc') in 0.009952 seconds 
========================================================================
Received Import Request.
  Time since last request: 0.000050 seconds.
  path: Assets/SupermarketInterior_v2/Prefabs/Simple_prefabs/PREF_price_06.prefab
  artifactKey: Guid(1e8b513976f27084b8a125d79b4147cc) Importer(815301076,1909f56bfc062723c751e8b465ee728b)
Start importing Assets/SupermarketInterior_v2/Prefabs/Simple_prefabs/PREF_price_06.prefab using Guid(1e8b513976f27084b8a125d79b4147cc) Importer(815301076,1909f56bfc062723c751e8b465ee728b)  -> (artifact id: '6833435ccfe1df1c7b9c5dc041f7bffd') in 0.007844 seconds 
========================================================================
Received Import Request.
  Time since last request: 0.000044 seconds.
  path: Assets/SupermarketInterior_v2/Prefabs/Simple_prefabs/PREF_shelfs_01_set_04.prefab
  artifactKey: Guid(2fbbbda0ccfa81a499a1b481bbbfedd9) Importer(815301076,1909f56bfc062723c751e8b465ee728b)
Start importing Assets/SupermarketInterior_v2/Prefabs/Simple_prefabs/PREF_shelfs_01_set_04.prefab using Guid(2fbbbda0ccfa81a499a1b481bbbfedd9) Importer(815301076,1909f56bfc062723c751e8b465ee728b)  -> (artifact id: 'ff9eff755e76ecda4704f9f93d149cc0') in 0.009277 seconds 
========================================================================
Received Import Request.
  Time since last request: 0.000044 seconds.
  path: Assets/SupermarketInterior_v2/Prefabs/Simple_prefabs/PREF_shelfs_02.prefab
  artifactKey: Guid(4e692fc2d900a6f4f9f1cc438837155c) Importer(815301076,1909f56bfc062723c751e8b465ee728b)
Start importing Assets/SupermarketInterior_v2/Prefabs/Simple_prefabs/PREF_shelfs_02.prefab using Guid(4e692fc2d900a6f4f9f1cc438837155c) Importer(815301076,1909f56bfc062723c751e8b465ee728b)  -> (artifact id: 'a5c971019143438d5cdb051f061aabab') in 0.008347 seconds 
========================================================================
Received Import Request.
  Time since last request: 0.000041 seconds.
  path: Assets/SupermarketInterior_v2/Prefabs/Simple_prefabs/PREF_out_wall_03.prefab
  artifactKey: Guid(595f2d74664a36344b8277add5359d95) Importer(815301076,1909f56bfc062723c751e8b465ee728b)
Start importing Assets/SupermarketInterior_v2/Prefabs/Simple_prefabs/PREF_out_wall_03.prefab using Guid(595f2d74664a36344b8277add5359d95) Importer(815301076,1909f56bfc062723c751e8b465ee728b)  -> (artifact id: '54560c3f7a95d85dfd598c2c946f360f') in 0.010696 seconds 
========================================================================
Received Import Request.
  Time since last request: 0.000038 seconds.
  path: Assets/SupermarketInterior_v2/Prefabs/Simple_prefabs/PREF_inner_wall_06.prefab
  artifactKey: Guid(9347fccfbdf4bf54abb73f54e8287c8a) Importer(815301076,1909f56bfc062723c751e8b465ee728b)
Start importing Assets/SupermarketInterior_v2/Prefabs/Simple_prefabs/PREF_inner_wall_06.prefab using Guid(9347fccfbdf4bf54abb73f54e8287c8a) Importer(815301076,1909f56bfc062723c751e8b465ee728b)  -> (artifact id: '77e55f529334970005ba4fc6e5d6e7c1') in 0.010682 seconds 
========================================================================
Received Import Request.
  Time since last request: 0.000065 seconds.
  path: Assets/SupermarketInterior_v2/Prefabs/Simple_prefabs/PREF_price_02.prefab
  artifactKey: Guid(4e496019864c83348a2e14dba76bd49a) Importer(815301076,1909f56bfc062723c751e8b465ee728b)
Start importing Assets/SupermarketInterior_v2/Prefabs/Simple_prefabs/PREF_price_02.prefab using Guid(4e496019864c83348a2e14dba76bd49a) Importer(815301076,1909f56bfc062723c751e8b465ee728b)  -> (artifact id: 'dd50b6d92d19c62281303ad3fd1a5064') in 0.008476 seconds 
========================================================================
Received Import Request.
  Time since last request: 0.000074 seconds.
  path: Assets/SupermarketInterior_v2/Prefabs/Simple_prefabs/PREF_package_03.prefab
  artifactKey: Guid(ae5690da19f0af14d89dab422ec789d7) Importer(815301076,1909f56bfc062723c751e8b465ee728b)
Start importing Assets/SupermarketInterior_v2/Prefabs/Simple_prefabs/PREF_package_03.prefab using Guid(ae5690da19f0af14d89dab422ec789d7) Importer(815301076,1909f56bfc062723c751e8b465ee728b)  -> (artifact id: '0fa2406f18b7107e436b106393a1f34d') in 0.008117 seconds 
========================================================================
Received Import Request.
  Time since last request: 0.000067 seconds.
  path: Assets/SupermarketInterior_v2/Prefabs/Simple_prefabs/PREF_shelfs_01_set_02.prefab
  artifactKey: Guid(7e90bf02cfd6a2b4a82fa7f3ba61adf3) Importer(815301076,1909f56bfc062723c751e8b465ee728b)
Start importing Assets/SupermarketInterior_v2/Prefabs/Simple_prefabs/PREF_shelfs_01_set_02.prefab using Guid(7e90bf02cfd6a2b4a82fa7f3ba61adf3) Importer(815301076,1909f56bfc062723c751e8b465ee728b)  -> (artifact id: '7a02fc166d9fff3f8e4c3e2ce3592fa4') in 0.007950 seconds 
========================================================================
Received Import Request.
  Time since last request: 0.000041 seconds.
  path: Assets/SupermarketInterior_v2/Prefabs/Simple_prefabs/PREF_out_wall_04.prefab
  artifactKey: Guid(ea250726ccc8d2542b31c40ced14891e) Importer(815301076,1909f56bfc062723c751e8b465ee728b)
Start importing Assets/SupermarketInterior_v2/Prefabs/Simple_prefabs/PREF_out_wall_04.prefab using Guid(ea250726ccc8d2542b31c40ced14891e) Importer(815301076,1909f56bfc062723c751e8b465ee728b)  -> (artifact id: '57a244a9510fbed5a429f2138dd21767') in 0.007585 seconds 
========================================================================
Received Import Request.
  Time since last request: 0.000039 seconds.
  path: Assets/SupermarketInterior_v2/Prefabs/Simple_prefabs/PREF_roof_01.prefab
  artifactKey: Guid(47ac09a80b4730e4488b479f0b06f83f) Importer(815301076,1909f56bfc062723c751e8b465ee728b)
Start importing Assets/SupermarketInterior_v2/Prefabs/Simple_prefabs/PREF_roof_01.prefab using Guid(47ac09a80b4730e4488b479f0b06f83f) Importer(815301076,1909f56bfc062723c751e8b465ee728b)  -> (artifact id: '76fb2e340a9796d342bed040dfc219c4') in 0.006728 seconds 
========================================================================
Received Import Request.
  Time since last request: 0.000068 seconds.
  path: Assets/SupermarketInterior_v2/Prefabs/Simple_prefabs/PREF_inner_wall_08.prefab
  artifactKey: Guid(12cdbe0df6c03d747954a1a3db90249d) Importer(815301076,1909f56bfc062723c751e8b465ee728b)
Start importing Assets/SupermarketInterior_v2/Prefabs/Simple_prefabs/PREF_inner_wall_08.prefab using Guid(12cdbe0df6c03d747954a1a3db90249d) Importer(815301076,1909f56bfc062723c751e8b465ee728b)  -> (artifact id: '6546b1e5f11d77b6fead3d4a40c4f52a') in 0.009481 seconds 
========================================================================
Received Import Request.
  Time since last request: 0.000049 seconds.
  path: Assets/SupermarketInterior_v2/Prefabs/Simple_prefabs/PREF_package_01.prefab
  artifactKey: Guid(49b4a9f6ab983334a8b48fb592acb0d3) Importer(815301076,1909f56bfc062723c751e8b465ee728b)
Start importing Assets/SupermarketInterior_v2/Prefabs/Simple_prefabs/PREF_package_01.prefab using Guid(49b4a9f6ab983334a8b48fb592acb0d3) Importer(815301076,1909f56bfc062723c751e8b465ee728b)  -> (artifact id: '1c315e61b6268210c35dc4ef16c32fca') in 0.010352 seconds 
========================================================================
Received Import Request.
  Time since last request: 0.000073 seconds.
  path: Assets/SupermarketInterior_v2/Prefabs/Simple_prefabs/PREF_package_04.prefab
  artifactKey: Guid(86bfce62cbf4be3429fbe40be6306cf7) Importer(815301076,1909f56bfc062723c751e8b465ee728b)
Start importing Assets/SupermarketInterior_v2/Prefabs/Simple_prefabs/PREF_package_04.prefab using Guid(86bfce62cbf4be3429fbe40be6306cf7) Importer(815301076,1909f56bfc062723c751e8b465ee728b)  -> (artifact id: '506300f52176bd8112fa2d237f0477f6') in 0.009145 seconds 
========================================================================
Received Import Request.
  Time since last request: 0.000040 seconds.
  path: Assets/SupermarketInterior_v2/Prefabs/Simple_prefabs/PREF_inner_wall_07.prefab
  artifactKey: Guid(a09710142b59de04f966a043d38ff5a5) Importer(815301076,1909f56bfc062723c751e8b465ee728b)
Start importing Assets/SupermarketInterior_v2/Prefabs/Simple_prefabs/PREF_inner_wall_07.prefab using Guid(a09710142b59de04f966a043d38ff5a5) Importer(815301076,1909f56bfc062723c751e8b465ee728b)  -> (artifact id: '5cb873efca386eb4c4876cc76d28c9a3') in 0.008249 seconds 
========================================================================
Received Import Request.
  Time since last request: 0.000036 seconds.
  path: Assets/SupermarketInterior_v2/Prefabs/Simple_prefabs/PREF_shelfs_01.prefab
  artifactKey: Guid(0273f3f4d8ab9f340ae696c1799afa16) Importer(815301076,1909f56bfc062723c751e8b465ee728b)
Start importing Assets/SupermarketInterior_v2/Prefabs/Simple_prefabs/PREF_shelfs_01.prefab using Guid(0273f3f4d8ab9f340ae696c1799afa16) Importer(815301076,1909f56bfc062723c751e8b465ee728b)  -> (artifact id: '5476c37c811c46c04ad16d5e36eb9c9d') in 0.007916 seconds 
========================================================================
Received Import Request.
  Time since last request: 0.000047 seconds.
  path: Assets/SupermarketInterior_v2/Prefabs/Simple_prefabs/PREF_price_05.prefab
  artifactKey: Guid(e0825b1ab1c0ec540956732cd05101d7) Importer(815301076,1909f56bfc062723c751e8b465ee728b)
Start importing Assets/SupermarketInterior_v2/Prefabs/Simple_prefabs/PREF_price_05.prefab using Guid(e0825b1ab1c0ec540956732cd05101d7) Importer(815301076,1909f56bfc062723c751e8b465ee728b)  -> (artifact id: 'c5e55006eb7d6fb87231ba0c6eac5a11') in 0.007671 seconds 
========================================================================
Received Import Request.
  Time since last request: 0.000063 seconds.
  path: Assets/SupermarketInterior_v2/Prefabs/Simple_prefabs/PREF_shelfs_01_set_01.prefab
  artifactKey: Guid(97ed300938ab3f44680e82be3eb00194) Importer(815301076,1909f56bfc062723c751e8b465ee728b)
Start importing Assets/SupermarketInterior_v2/Prefabs/Simple_prefabs/PREF_shelfs_01_set_01.prefab using Guid(97ed300938ab3f44680e82be3eb00194) Importer(815301076,1909f56bfc062723c751e8b465ee728b)  -> (artifact id: '867e8e0fbd00cea1de9f98047b1ebdec') in 0.009827 seconds 
========================================================================
Received Prepare
Shader 'Oculus/OVRMRCameraFrameLit': fallback shader 'Alpha-Diffuse' not found
Shader 'Oculus/OVRMRCameraFrameLit': fallback shader 'Alpha-Diffuse' not found
Refreshing native plugins compatible for Editor in 44.35 ms, found 5 plugins.
Preloading 1 native plugins for Editor in 0.42 ms.
Unloading 128 Unused Serialized files (Serialized files now loaded: 0)
Unloading 129 unused Assets / (9.1 MB). Loaded Objects now: 7163.
Memory consumption went from 291.6 MB to 282.5 MB.
Total: 23.117333 ms (FindLiveObjects: 0.347375 ms CreateObjectMapping: 0.093000 ms MarkObjects: 19.889959 ms  DeleteObjects: 2.786583 ms)

AssetImportParameters requested are different than current active one (requested -> active):
  custom:video-decoder-ogg-theora: a1e56fd34408186e4bbccfd4996cb3dc -> 
  custom:container-muxer-webm: aa71ff27fc2769a1b78a27578f13a17b -> 
  custom:container-demuxer-webm: 4f35f7cbe854078d1ac9338744f61a02 -> 
  custom:video-encoder-webm-vp8: eb34c28f22e8b96e1ab97ce403110664 -> 
  custom:framework-osx-AVFoundation: e770b220cccbd017edd2c1fefb359320 -> 
  custom:audio-encoder-webm-vorbis: bf7c407c2cedff20999df2af8eb42d56 -> 
  custom:container-demuxer-ogg: 62fdf1f143b41e24485cea50d1cbac27 -> 
  custom:video-decoder-webm-vp8: 9c59270c3fd7afecdb556c50c9e8de78 -> 
  custom:audio-decoder-ogg-vorbis: bf7c407c2cedff20999df2af8eb42d56 -> 
========================================================================
Received Prepare
Shader 'Oculus/OVRMRCameraFrameLit': fallback shader 'Alpha-Diffuse' not found
Shader 'Oculus/OVRMRCameraFrameLit': fallback shader 'Alpha-Diffuse' not found
Refreshing native plugins compatible for Editor in 4.73 ms, found 5 plugins.
Preloading 1 native plugins for Editor in 0.19 ms.
Unloading 128 Unused Serialized files (Serialized files now loaded: 0)
Unloading 129 unused Assets / (9.1 MB). Loaded Objects now: 7163.
Memory consumption went from 291.6 MB to 282.5 MB.
Total: 24.512834 ms (FindLiveObjects: 0.349584 ms CreateObjectMapping: 0.092125 ms MarkObjects: 21.267125 ms  DeleteObjects: 2.803167 ms)

AssetImportParameters requested are different than current active one (requested -> active):
  custom:video-decoder-ogg-theora: a1e56fd34408186e4bbccfd4996cb3dc -> 
  custom:container-muxer-webm: aa71ff27fc2769a1b78a27578f13a17b -> 
  custom:container-demuxer-webm: 4f35f7cbe854078d1ac9338744f61a02 -> 
  custom:video-encoder-webm-vp8: eb34c28f22e8b96e1ab97ce403110664 -> 
  custom:framework-osx-AVFoundation: e770b220cccbd017edd2c1fefb359320 -> 
  custom:audio-encoder-webm-vorbis: bf7c407c2cedff20999df2af8eb42d56 -> 
  custom:container-demuxer-ogg: 62fdf1f143b41e24485cea50d1cbac27 -> 
  custom:video-decoder-webm-vp8: 9c59270c3fd7afecdb556c50c9e8de78 -> 
  custom:audio-decoder-ogg-vorbis: bf7c407c2cedff20999df2af8eb42d56 -> 
========================================================================
Received Prepare
Registering precompiled user dll's ...
Registered in 0.002116 seconds.
Begin MonoManager ReloadAssembly
Thread 0x295687000 may have been prematurely finalized
Symbol file LoadedFromMemory doesn't match image /Users/sarahju/VR_Shopping_7/Library/PackageCache/com.unity.visualscripting@1.7.6/Editor/VisualScripting.Core/Dependencies/DotNetZip/Unity.VisualScripting.IonicZip.dll
Symbol file LoadedFromMemory doesn't match image /Users/sarahju/VR_Shopping_7/Library/PackageCache/com.unity.visualscripting@1.7.6/Editor/VisualScripting.Core/Dependencies/YamlDotNet/Unity.VisualScripting.YamlDotNet.dll
Native extension for OSXStandalone target not found
Refreshing native plugins compatible for Editor in 3.95 ms, found 5 plugins.
Preloading 1 native plugins for Editor in 0.41 ms.
Mono: successfully reloaded assembly
- Completed reload, in  0.944 seconds
Domain Reload Profiling:
	ReloadAssembly (945ms)
		BeginReloadAssembly (191ms)
			ExecutionOrderSort (0ms)
			DisableScriptedObjects (20ms)
			BackupInstance (0ms)
			ReleaseScriptingObjects (0ms)
			CreateAndSetChildDomain (96ms)
		EndReloadAssembly (690ms)
			LoadAssemblies (66ms)
			RebuildTransferFunctionScriptingTraits (0ms)
			SetupTypeCache (202ms)
			ReleaseScriptCaches (4ms)
			RebuildScriptCaches (35ms)
			SetupLoadedEditorAssemblies (345ms)
				LogAssemblyErrors (0ms)
				InitializePlatformSupportModulesInManaged (5ms)
				SetLoadedEditorAssemblies (0ms)
				RefreshPlugins (4ms)
				BeforeProcessingInitializeOnLoad (50ms)
				ProcessInitializeOnLoadAttributes (251ms)
				ProcessInitializeOnLoadMethodAttributes (34ms)
				AfterProcessingInitializeOnLoad (1ms)
				EditorAssembliesLoaded (0ms)
			ExecutionOrderSort2 (0ms)
			AwakeInstancesAfterBackupRestoration (5ms)
Platform modules already initialized, skipping
Switching build target platform(2) subTarget(0) extendedPlatform(0) -> platform(13) subTarget(0) extendedPlatform(0)
Shader 'Oculus/OVRMRCameraFrameLit': fallback shader 'Alpha-Diffuse' not found
Shader 'Oculus/OVRMRCameraFrameLit': fallback shader 'Alpha-Diffuse' not found
Refreshing native plugins compatible for Editor in 0.79 ms, found 5 plugins.
Preloading 1 native plugins for Editor in 0.17 ms.
Unloading 6586 Unused Serialized files (Serialized files now loaded: 0)
Unloading 129 unused Assets / (8.7 MB). Loaded Objects now: 7146.
Memory consumption went from 438.9 MB to 430.2 MB.
Total: 16.817250 ms (FindLiveObjects: 0.891917 ms CreateObjectMapping: 0.122333 ms MarkObjects: 12.167792 ms  DeleteObjects: 3.634042 ms)

AssetImportParameters requested are different than current active one (requested -> active):
  custom:video-decoder-ogg-theora: a1e56fd34408186e4bbccfd4996cb3dc -> 
  custom:container-muxer-webm: aa71ff27fc2769a1b78a27578f13a17b -> 
  custom:container-demuxer-webm: 4f35f7cbe854078d1ac9338744f61a02 -> 
  custom:video-encoder-webm-vp8: eb34c28f22e8b96e1ab97ce403110664 -> 
  custom:framework-osx-AVFoundation: e770b220cccbd017edd2c1fefb359320 -> 
  custom:audio-encoder-webm-vorbis: bf7c407c2cedff20999df2af8eb42d56 -> 
  custom:container-demuxer-ogg: 62fdf1f143b41e24485cea50d1cbac27 -> 
  custom:video-decoder-webm-vp8: 9c59270c3fd7afecdb556c50c9e8de78 -> 
  custom:audio-decoder-ogg-vorbis: bf7c407c2cedff20999df2af8eb42d56 -> 
========================================================================
Received Import Request.
  Time since last request: 802.951593 seconds.
  path: Assets/New Material.mat
  artifactKey: Guid(424094140f6d14a3490e9fb25eb64dfc) Importer(815301076,1909f56bfc062723c751e8b465ee728b)
Start importing Assets/New Material.mat using Guid(424094140f6d14a3490e9fb25eb64dfc) Importer(815301076,1909f56bfc062723c751e8b465ee728b)  -> (artifact id: '527868a935f1c582ecd46619143dadae') in 0.285426 seconds 
========================================================================
Received Prepare
Shader 'Oculus/OVRMRCameraFrameLit': fallback shader 'Alpha-Diffuse' not found
Shader 'Oculus/OVRMRCameraFrameLit': fallback shader 'Alpha-Diffuse' not found
Refreshing native plugins compatible for Editor in 35.05 ms, found 5 plugins.
Preloading 1 native plugins for Editor in 0.44 ms.
Unloading 126 Unused Serialized files (Serialized files now loaded: 0)
Unloading 126 unused Assets / (8.7 MB). Loaded Objects now: 7249.
Memory consumption went from 297.5 MB to 288.9 MB.
Total: 11.084250 ms (FindLiveObjects: 0.382166 ms CreateObjectMapping: 0.087000 ms MarkObjects: 8.018417 ms  DeleteObjects: 2.596042 ms)

AssetImportParameters requested are different than current active one (requested -> active):
  custom:video-decoder-ogg-theora: a1e56fd34408186e4bbccfd4996cb3dc -> 
  custom:container-muxer-webm: aa71ff27fc2769a1b78a27578f13a17b -> 
  custom:container-demuxer-webm: 4f35f7cbe854078d1ac9338744f61a02 -> 
  custom:video-encoder-webm-vp8: eb34c28f22e8b96e1ab97ce403110664 -> 
  custom:framework-osx-AVFoundation: e770b220cccbd017edd2c1fefb359320 -> 
  custom:audio-encoder-webm-vorbis: bf7c407c2cedff20999df2af8eb42d56 -> 
  custom:container-demuxer-ogg: 62fdf1f143b41e24485cea50d1cbac27 -> 
  custom:video-decoder-webm-vp8: 9c59270c3fd7afecdb556c50c9e8de78 -> 
  custom:audio-decoder-ogg-vorbis: bf7c407c2cedff20999df2af8eb42d56 -> 
========================================================================
Received Import Request.
  Time since last request: 338.068861 seconds.
  path: Assets/New Material.mat
  artifactKey: Guid(424094140f6d14a3490e9fb25eb64dfc) Importer(815301076,1909f56bfc062723c751e8b465ee728b)
Start importing Assets/New Material.mat using Guid(424094140f6d14a3490e9fb25eb64dfc) Importer(815301076,1909f56bfc062723c751e8b465ee728b)  -> (artifact id: '87d7b6fcb8d9a21c734190bddbec3a2d') in 0.065133 seconds 
========================================================================
Received Import Request.
  Time since last request: 346.207374 seconds.
  path: Assets/SupermarketInterior_v2/Prefabs/Group_prefabs/PREF_cart_01_group_01.prefab
  artifactKey: Guid(aaf728dbbdd84ba42b625928e10330e1) Importer(815301076,1909f56bfc062723c751e8b465ee728b)
Start importing Assets/SupermarketInterior_v2/Prefabs/Group_prefabs/PREF_cart_01_group_01.prefab using Guid(aaf728dbbdd84ba42b625928e10330e1) Importer(815301076,1909f56bfc062723c751e8b465ee728b)  -> (artifact id: 'e209ad9769522a3dc262e130077229e4') in 0.091819 seconds 
========================================================================
Received Import Request.
  Time since last request: 0.000069 seconds.
  path: Assets/SupermarketInterior_v2/Prefabs/Group_prefabs/PREF_shelfs_02_group_01.prefab
  artifactKey: Guid(98d8d65ec9d951b4a8ef512eaad74dc9) Importer(815301076,1909f56bfc062723c751e8b465ee728b)
Start importing Assets/SupermarketInterior_v2/Prefabs/Group_prefabs/PREF_shelfs_02_group_01.prefab using Guid(98d8d65ec9d951b4a8ef512eaad74dc9) Importer(815301076,1909f56bfc062723c751e8b465ee728b)  -> (artifact id: '660e1a01c119b357ea0b8892bc8b07ad') in 0.030181 seconds 
========================================================================
Received Import Request.
  Time since last request: 0.000067 seconds.
  path: Assets/SupermarketInterior_v2/Prefabs/Group_prefabs/PREF_ice_shelfs_02_group_03.prefab
  artifactKey: Guid(49434cb911d7a9247b4ec8145bb593dc) Importer(815301076,1909f56bfc062723c751e8b465ee728b)
Start importing Assets/SupermarketInterior_v2/Prefabs/Group_prefabs/PREF_ice_shelfs_02_group_03.prefab using Guid(49434cb911d7a9247b4ec8145bb593dc) Importer(815301076,1909f56bfc062723c751e8b465ee728b)  -> (artifact id: 'da6e17153450a735e73475efd1b3eabe') in 0.013235 seconds 
========================================================================
Received Import Request.
  Time since last request: 0.000037 seconds.
  path: Assets/SupermarketInterior_v2/Prefabs/Group_prefabs/PREF_ice_box_01_group_01.prefab
  artifactKey: Guid(3d2d291d750dc404fbdcba30088af05a) Importer(815301076,1909f56bfc062723c751e8b465ee728b)
Start importing Assets/SupermarketInterior_v2/Prefabs/Group_prefabs/PREF_ice_box_01_group_01.prefab using Guid(3d2d291d750dc404fbdcba30088af05a) Importer(815301076,1909f56bfc062723c751e8b465ee728b)  -> (artifact id: '795d36e9c376febda53542cbda5b5c77') in 0.008140 seconds 
========================================================================
Received Import Request.
  Time since last request: 0.000046 seconds.
  path: Assets/SupermarketInterior_v2/Prefabs/Group_prefabs/PREF_out_wall_03_group.prefab
  artifactKey: Guid(170f82caf6a4dcf4fa0511e719214886) Importer(815301076,1909f56bfc062723c751e8b465ee728b)
Start importing Assets/SupermarketInterior_v2/Prefabs/Group_prefabs/PREF_out_wall_03_group.prefab using Guid(170f82caf6a4dcf4fa0511e719214886) Importer(815301076,1909f56bfc062723c751e8b465ee728b)  -> (artifact id: '4e1a99cb1770b7402d8850113b9d6f4c') in 0.012235 seconds 
========================================================================
Received Import Request.
  Time since last request: 0.000069 seconds.
  path: Assets/SupermarketInterior_v2/Prefabs/Group_prefabs/PREF_ice_shelfs_03_group_03.prefab
  artifactKey: Guid(63e914c50d2ad0248964fd70633b6e4d) Importer(815301076,1909f56bfc062723c751e8b465ee728b)
Start importing Assets/SupermarketInterior_v2/Prefabs/Group_prefabs/PREF_ice_shelfs_03_group_03.prefab using Guid(63e914c50d2ad0248964fd70633b6e4d) Importer(815301076,1909f56bfc062723c751e8b465ee728b)  -> (artifact id: 'e653f6a840542d05fefff5752d1e0e77') in 0.012688 seconds 
========================================================================
Received Import Request.
  Time since last request: 0.000038 seconds.
  path: Assets/SupermarketInterior_v2/Prefabs/Group_prefabs/PREF_inner_wall_03_group.prefab
  artifactKey: Guid(32c31e106992b3e49b246b68dd5d30c5) Importer(815301076,1909f56bfc062723c751e8b465ee728b)
Start importing Assets/SupermarketInterior_v2/Prefabs/Group_prefabs/PREF_inner_wall_03_group.prefab using Guid(32c31e106992b3e49b246b68dd5d30c5) Importer(815301076,1909f56bfc062723c751e8b465ee728b)  -> (artifact id: 'cd764350e5fcbd92f91ac0e0b2a3a3b4') in 0.013099 seconds 
========================================================================
Received Import Request.
  Time since last request: 0.000047 seconds.
  path: Assets/SupermarketInterior_v2/Prefabs/Group_prefabs/PREF_ice_shelfs_03_group_01.prefab
  artifactKey: Guid(75ec0ca244d38bd40a669dd653015217) Importer(815301076,1909f56bfc062723c751e8b465ee728b)
Start importing Assets/SupermarketInterior_v2/Prefabs/Group_prefabs/PREF_ice_shelfs_03_group_01.prefab using Guid(75ec0ca244d38bd40a669dd653015217) Importer(815301076,1909f56bfc062723c751e8b465ee728b)  -> (artifact id: '8bc65f6ab3516899f58e0476e54e758e') in 0.014182 seconds 
========================================================================
Received Import Request.
  Time since last request: 0.000037 seconds.
  path: Assets/SupermarketInterior_v2/Prefabs/Group_prefabs/PREF_ice_shelfs_01_group_01.prefab
  artifactKey: Guid(487720b67fbb4bc4bb0ca1508acb7942) Importer(815301076,1909f56bfc062723c751e8b465ee728b)
Start importing Assets/SupermarketInterior_v2/Prefabs/Group_prefabs/PREF_ice_shelfs_01_group_01.prefab using Guid(487720b67fbb4bc4bb0ca1508acb7942) Importer(815301076,1909f56bfc062723c751e8b465ee728b)  -> (artifact id: '7f7be1a6f7ba78f57a74941941e911a8') in 0.011303 seconds 
========================================================================
Received Import Request.
  Time since last request: 0.000081 seconds.
  path: Assets/SupermarketInterior_v2/Prefabs/Group_prefabs/PREF_ice_shelfs_03_group_02.prefab
  artifactKey: Guid(4d142fd16cd380c40ba6dcaee0c4f04e) Importer(815301076,1909f56bfc062723c751e8b465ee728b)
Start importing Assets/SupermarketInterior_v2/Prefabs/Group_prefabs/PREF_ice_shelfs_03_group_02.prefab using Guid(4d142fd16cd380c40ba6dcaee0c4f04e) Importer(815301076,1909f56bfc062723c751e8b465ee728b)  -> (artifact id: '4460b47cb690f6640fbdbf486731f12d') in 0.008942 seconds 
========================================================================
Received Import Request.
  Time since last request: 0.000071 seconds.
  path: Assets/SupermarketInterior_v2/Prefabs/Group_prefabs/PREF_ice_shelfs_01_group_04.prefab
  artifactKey: Guid(c6d7282b5f258db49962c7059e212ea4) Importer(815301076,1909f56bfc062723c751e8b465ee728b)
Start importing Assets/SupermarketInterior_v2/Prefabs/Group_prefabs/PREF_ice_shelfs_01_group_04.prefab using Guid(c6d7282b5f258db49962c7059e212ea4) Importer(815301076,1909f56bfc062723c751e8b465ee728b)  -> (artifact id: '4f467dddd755c4eaadb871cb84e52c31') in 0.009232 seconds 
========================================================================
Received Import Request.
  Time since last request: 0.000038 seconds.
  path: Assets/SupermarketInterior_v2/Prefabs/Group_prefabs/PREF_ice_shelfs_01_group_02.prefab
  artifactKey: Guid(27933d2bfd9c0864cabf1b10b0234695) Importer(815301076,1909f56bfc062723c751e8b465ee728b)
Start importing Assets/SupermarketInterior_v2/Prefabs/Group_prefabs/PREF_ice_shelfs_01_group_02.prefab using Guid(27933d2bfd9c0864cabf1b10b0234695) Importer(815301076,1909f56bfc062723c751e8b465ee728b)  -> (artifact id: 'd37e98a2951bb6f80248f3fb6a724a32') in 0.011550 seconds 
========================================================================
Received Import Request.
  Time since last request: 0.000053 seconds.
  path: Assets/SupermarketInterior_v2/Prefabs/Group_prefabs/PREF_ice_shelfs_04_group_01.prefab
  artifactKey: Guid(0520bdc70aba8ed4fba4dd00cae7891f) Importer(815301076,1909f56bfc062723c751e8b465ee728b)
Start importing Assets/SupermarketInterior_v2/Prefabs/Group_prefabs/PREF_ice_shelfs_04_group_01.prefab using Guid(0520bdc70aba8ed4fba4dd00cae7891f) Importer(815301076,1909f56bfc062723c751e8b465ee728b)  -> (artifact id: '03539c9c0b5bbc6dec040c0ac79b6f60') in 0.009992 seconds 
========================================================================
Received Import Request.
  Time since last request: 0.000063 seconds.
  path: Assets/SupermarketInterior_v2/Prefabs/Group_prefabs/PREF_palett_01_group_01.prefab
  artifactKey: Guid(835cd77b36b5d4a43bb5f8a198f201aa) Importer(815301076,1909f56bfc062723c751e8b465ee728b)
Start importing Assets/SupermarketInterior_v2/Prefabs/Group_prefabs/PREF_palett_01_group_01.prefab using Guid(835cd77b36b5d4a43bb5f8a198f201aa) Importer(815301076,1909f56bfc062723c751e8b465ee728b)  -> (artifact id: 'e6b1cff5d961a0be3847a776f62c86f4') in 0.009116 seconds 
========================================================================
Received Import Request.
  Time since last request: 0.000039 seconds.
  path: Assets/SupermarketInterior_v2/Prefabs/Group_prefabs/PREF_shelfs_02_group_04.prefab
  artifactKey: Guid(9e993adb845b03c4fbed9e4810755f41) Importer(815301076,1909f56bfc062723c751e8b465ee728b)
Start importing Assets/SupermarketInterior_v2/Prefabs/Group_prefabs/PREF_shelfs_02_group_04.prefab using Guid(9e993adb845b03c4fbed9e4810755f41) Importer(815301076,1909f56bfc062723c751e8b465ee728b)  -> (artifact id: 'a18706397efde5198462160ebff02b31') in 0.010558 seconds 
========================================================================
Received Import Request.
  Time since last request: 0.000066 seconds.
  path: Assets/SupermarketInterior_v2/Prefabs/Group_prefabs/PREF_shelfs_01_group_02.prefab
  artifactKey: Guid(6132aab92ed84014ebcd6731cd6da416) Importer(815301076,1909f56bfc062723c751e8b465ee728b)
Start importing Assets/SupermarketInterior_v2/Prefabs/Group_prefabs/PREF_shelfs_01_group_02.prefab using Guid(6132aab92ed84014ebcd6731cd6da416) Importer(815301076,1909f56bfc062723c751e8b465ee728b)  -> (artifact id: '3be73ffe8cd98664deed226211948067') in 0.009427 seconds 
========================================================================
Received Import Request.
  Time since last request: 0.000060 seconds.
  path: Assets/SupermarketInterior_v2/Prefabs/Group_prefabs/PREF_ice_shelfs_02_group_02.prefab
  artifactKey: Guid(50fc14ebb26ef6147973875acbafa6a5) Importer(815301076,1909f56bfc062723c751e8b465ee728b)
Start importing Assets/SupermarketInterior_v2/Prefabs/Group_prefabs/PREF_ice_shelfs_02_group_02.prefab using Guid(50fc14ebb26ef6147973875acbafa6a5) Importer(815301076,1909f56bfc062723c751e8b465ee728b)  -> (artifact id: '3a2004163fc65ce966e549b9f34bee75') in 0.011388 seconds 
========================================================================
Received Import Request.
  Time since last request: 0.000070 seconds.
  path: Assets/SupermarketInterior_v2/Prefabs/Group_prefabs/PREF_shelfs_02_group_02.prefab
  artifactKey: Guid(0bb0987c437039c408e85288a96376d4) Importer(815301076,1909f56bfc062723c751e8b465ee728b)
Start importing Assets/SupermarketInterior_v2/Prefabs/Group_prefabs/PREF_shelfs_02_group_02.prefab using Guid(0bb0987c437039c408e85288a96376d4) Importer(815301076,1909f56bfc062723c751e8b465ee728b)  -> (artifact id: '2b0c20076b0651e6592caff50a721d5f') in 0.013598 seconds 
========================================================================
Received Import Request.
  Time since last request: 0.000058 seconds.
  path: Assets/SupermarketInterior_v2/Prefabs/Group_prefabs/PREF_shelfs_03_group_01.prefab
  artifactKey: Guid(383f895849ca3254b9c79ea03b051757) Importer(815301076,1909f56bfc062723c751e8b465ee728b)
Start importing Assets/SupermarketInterior_v2/Prefabs/Group_prefabs/PREF_shelfs_03_group_01.prefab using Guid(383f895849ca3254b9c79ea03b051757) Importer(815301076,1909f56bfc062723c751e8b465ee728b)  -> (artifact id: 'b91aaeaf765f11d3499435d656b85d0a') in 0.011553 seconds 
========================================================================
Received Import Request.
  Time since last request: 0.000064 seconds.
  path: Assets/SupermarketInterior_v2/Prefabs/Group_prefabs/PREF_ice_shelfs_02_group_01.prefab
  artifactKey: Guid(e455ccd2a02f473498a875bb38d8bc3a) Importer(815301076,1909f56bfc062723c751e8b465ee728b)
Start importing Assets/SupermarketInterior_v2/Prefabs/Group_prefabs/PREF_ice_shelfs_02_group_01.prefab using Guid(e455ccd2a02f473498a875bb38d8bc3a) Importer(815301076,1909f56bfc062723c751e8b465ee728b)  -> (artifact id: '73c275e4e297ab848f5f83195eb1c1be') in 0.010692 seconds 
========================================================================
Received Import Request.
  Time since last request: 0.000041 seconds.
  path: Assets/SupermarketInterior_v2/Prefabs/Group_prefabs/PREF_shelfs_01_group_01.prefab
  artifactKey: Guid(71e97161e48fa0d4c86f1c02f00d7a7b) Importer(815301076,1909f56bfc062723c751e8b465ee728b)
Start importing Assets/SupermarketInterior_v2/Prefabs/Group_prefabs/PREF_shelfs_01_group_01.prefab using Guid(71e97161e48fa0d4c86f1c02f00d7a7b) Importer(815301076,1909f56bfc062723c751e8b465ee728b)  -> (artifact id: '4eacd2f51e2962ce0a83ec3b444bcb08') in 0.008231 seconds 
========================================================================
Received Import Request.
  Time since last request: 0.000075 seconds.
  path: Assets/SupermarketInterior_v2/Prefabs/Group_prefabs/PREF_entrance_fence_01_group.prefab
  artifactKey: Guid(c69f44b4faa69fe4bb01343f7bb927de) Importer(815301076,1909f56bfc062723c751e8b465ee728b)
Start importing Assets/SupermarketInterior_v2/Prefabs/Group_prefabs/PREF_entrance_fence_01_group.prefab using Guid(c69f44b4faa69fe4bb01343f7bb927de) Importer(815301076,1909f56bfc062723c751e8b465ee728b)  -> (artifact id: '56b6031b08fa57145f555ec6bb5970c1') in 0.008927 seconds 
========================================================================
Received Import Request.
  Time since last request: 1.728242 seconds.
  path: Assets/SupermarketInterior_v2/Prefabs/Group_prefabs/PREF_TV_01_group_01.prefab
  artifactKey: Guid(1123c552d9640734ebf9602f20643e65) Importer(815301076,1909f56bfc062723c751e8b465ee728b)
Start importing Assets/SupermarketInterior_v2/Prefabs/Group_prefabs/PREF_TV_01_group_01.prefab using Guid(1123c552d9640734ebf9602f20643e65) Importer(815301076,1909f56bfc062723c751e8b465ee728b)  -> (artifact id: '1d7b43034d1308df4e1c9ecef2df52c3') in 0.017080 seconds 
========================================================================
Received Import Request.
  Time since last request: 51.275033 seconds.
  path: Assets/SupermarketInterior_v2/Prefabs/Simple_prefabs/PREF_top_lamp_02.prefab
  artifactKey: Guid(68f62398923340145afa5d7d473e74ef) Importer(815301076,1909f56bfc062723c751e8b465ee728b)
Start importing Assets/SupermarketInterior_v2/Prefabs/Simple_prefabs/PREF_top_lamp_02.prefab using Guid(68f62398923340145afa5d7d473e74ef) Importer(815301076,1909f56bfc062723c751e8b465ee728b)  -> (artifact id: '4a28b0e40cf72b6b33869d594b5ded28') in 0.026285 seconds 
========================================================================
Received Import Request.
  Time since last request: 0.000112 seconds.
  path: Assets/SupermarketInterior_v2/Prefabs/Simple_prefabs/PREF_TV_02.prefab
  artifactKey: Guid(5807a1dfceb6200489396f860d1ba108) Importer(815301076,1909f56bfc062723c751e8b465ee728b)
Start importing Assets/SupermarketInterior_v2/Prefabs/Simple_prefabs/PREF_TV_02.prefab using Guid(5807a1dfceb6200489396f860d1ba108) Importer(815301076,1909f56bfc062723c751e8b465ee728b)  -> (artifact id: 'bf8c09522f592dffadd43803a498c366') in 0.016874 seconds 
========================================================================
Received Import Request.
  Time since last request: 0.000050 seconds.
  path: Assets/SupermarketInterior_v2/Prefabs/Simple_prefabs/PREF_venting_01.prefab
  artifactKey: Guid(0f2d1926b42ba20428f15412c1f4f645) Importer(815301076,1909f56bfc062723c751e8b465ee728b)
Start importing Assets/SupermarketInterior_v2/Prefabs/Simple_prefabs/PREF_venting_01.prefab using Guid(0f2d1926b42ba20428f15412c1f4f645) Importer(815301076,1909f56bfc062723c751e8b465ee728b)  -> (artifact id: 'fbd49b3271376255031666b3979b8aed') in 0.013942 seconds 
========================================================================
Received Import Request.
  Time since last request: 0.000050 seconds.
  path: Assets/SupermarketInterior_v2/Prefabs/Simple_prefabs/PREF_trashcan_01.prefab
  artifactKey: Guid(06897a4cae9386247810ab7b8f50e696) Importer(815301076,1909f56bfc062723c751e8b465ee728b)
Start importing Assets/SupermarketInterior_v2/Prefabs/Simple_prefabs/PREF_trashcan_01.prefab using Guid(06897a4cae9386247810ab7b8f50e696) Importer(815301076,1909f56bfc062723c751e8b465ee728b)  -> (artifact id: '31357ad5332d0b22388a913e9a626bfd') in 0.012123 seconds 
========================================================================
Received Import Request.
  Time since last request: 1.861344 seconds.
  path: Assets/SupermarketInterior_v2/Prefabs/Simple_prefabs/PREF_venting_05.prefab
  artifactKey: Guid(234308de9a744fa4bb0f7a9b2b235fbc) Importer(815301076,1909f56bfc062723c751e8b465ee728b)
Start importing Assets/SupermarketInterior_v2/Prefabs/Simple_prefabs/PREF_venting_05.prefab using Guid(234308de9a744fa4bb0f7a9b2b235fbc) Importer(815301076,1909f56bfc062723c751e8b465ee728b)  -> (artifact id: '7c466dfbe6094b4f08290bd379894f6c') in 0.014167 seconds 
========================================================================
Received Prepare
Shader 'Oculus/OVRMRCameraFrameLit': fallback shader 'Alpha-Diffuse' not found
Shader 'Oculus/OVRMRCameraFrameLit': fallback shader 'Alpha-Diffuse' not found
Refreshing native plugins compatible for Editor in 8.50 ms, found 5 plugins.
Preloading 1 native plugins for Editor in 0.22 ms.
Unloading 126 Unused Serialized files (Serialized files now loaded: 0)
Unloading 126 unused Assets / (8.7 MB). Loaded Objects now: 7249.
Memory consumption went from 297.8 MB to 289.1 MB.
Total: 26.586959 ms (FindLiveObjects: 0.428041 ms CreateObjectMapping: 0.097500 ms MarkObjects: 23.546458 ms  DeleteObjects: 2.513500 ms)

AssetImportParameters requested are different than current active one (requested -> active):
  custom:video-decoder-ogg-theora: a1e56fd34408186e4bbccfd4996cb3dc -> 
  custom:container-muxer-webm: aa71ff27fc2769a1b78a27578f13a17b -> 
  custom:container-demuxer-webm: 4f35f7cbe854078d1ac9338744f61a02 -> 
  custom:video-encoder-webm-vp8: eb34c28f22e8b96e1ab97ce403110664 -> 
  custom:framework-osx-AVFoundation: e770b220cccbd017edd2c1fefb359320 -> 
  custom:audio-encoder-webm-vorbis: bf7c407c2cedff20999df2af8eb42d56 -> 
  custom:container-demuxer-ogg: 62fdf1f143b41e24485cea50d1cbac27 -> 
  custom:video-decoder-webm-vp8: 9c59270c3fd7afecdb556c50c9e8de78 -> 
  custom:audio-decoder-ogg-vorbis: bf7c407c2cedff20999df2af8eb42d56 -> 
========================================================================
Received Prepare
Shader 'Oculus/OVRMRCameraFrameLit': fallback shader 'Alpha-Diffuse' not found
Shader 'Oculus/OVRMRCameraFrameLit': fallback shader 'Alpha-Diffuse' not found
Refreshing native plugins compatible for Editor in 33.77 ms, found 5 plugins.
Preloading 1 native plugins for Editor in 0.26 ms.
Unloading 126 Unused Serialized files (Serialized files now loaded: 0)
Unloading 126 unused Assets / (8.7 MB). Loaded Objects now: 7249.
Memory consumption went from 297.8 MB to 289.1 MB.
Total: 29.111208 ms (FindLiveObjects: 0.522875 ms CreateObjectMapping: 0.140084 ms MarkObjects: 25.724292 ms  DeleteObjects: 2.722333 ms)

AssetImportParameters requested are different than current active one (requested -> active):
  custom:video-decoder-ogg-theora: a1e56fd34408186e4bbccfd4996cb3dc -> 
  custom:container-muxer-webm: aa71ff27fc2769a1b78a27578f13a17b -> 
  custom:container-demuxer-webm: 4f35f7cbe854078d1ac9338744f61a02 -> 
  custom:video-encoder-webm-vp8: eb34c28f22e8b96e1ab97ce403110664 -> 
  custom:framework-osx-AVFoundation: e770b220cccbd017edd2c1fefb359320 -> 
  custom:audio-encoder-webm-vorbis: bf7c407c2cedff20999df2af8eb42d56 -> 
  custom:container-demuxer-ogg: 62fdf1f143b41e24485cea50d1cbac27 -> 
  custom:video-decoder-webm-vp8: 9c59270c3fd7afecdb556c50c9e8de78 -> 
  custom:audio-decoder-ogg-vorbis: bf7c407c2cedff20999df2af8eb42d56 -> 
========================================================================
Received Prepare
Shader 'Oculus/OVRMRCameraFrameLit': fallback shader 'Alpha-Diffuse' not found
Shader 'Oculus/OVRMRCameraFrameLit': fallback shader 'Alpha-Diffuse' not found
Refreshing native plugins compatible for Editor in 2.94 ms, found 5 plugins.
Preloading 1 native plugins for Editor in 0.20 ms.
Unloading 126 Unused Serialized files (Serialized files now loaded: 0)
Unloading 126 unused Assets / (8.7 MB). Loaded Objects now: 7249.
Memory consumption went from 297.8 MB to 289.1 MB.
Total: 38.361916 ms (FindLiveObjects: 3.107250 ms CreateObjectMapping: 0.111500 ms MarkObjects: 31.048000 ms  DeleteObjects: 4.094583 ms)

AssetImportParameters requested are different than current active one (requested -> active):
  custom:video-decoder-ogg-theora: a1e56fd34408186e4bbccfd4996cb3dc -> 
  custom:container-muxer-webm: aa71ff27fc2769a1b78a27578f13a17b -> 
  custom:container-demuxer-webm: 4f35f7cbe854078d1ac9338744f61a02 -> 
  custom:video-encoder-webm-vp8: eb34c28f22e8b96e1ab97ce403110664 -> 
  custom:framework-osx-AVFoundation: e770b220cccbd017edd2c1fefb359320 -> 
  custom:audio-encoder-webm-vorbis: bf7c407c2cedff20999df2af8eb42d56 -> 
  custom:container-demuxer-ogg: 62fdf1f143b41e24485cea50d1cbac27 -> 
  custom:video-decoder-webm-vp8: 9c59270c3fd7afecdb556c50c9e8de78 -> 
  custom:audio-decoder-ogg-vorbis: bf7c407c2cedff20999df2af8eb42d56 -> 
========================================================================
Received Prepare
Shader 'Oculus/OVRMRCameraFrameLit': fallback shader 'Alpha-Diffuse' not found
Shader 'Oculus/OVRMRCameraFrameLit': fallback shader 'Alpha-Diffuse' not found
Refreshing native plugins compatible for Editor in 9.29 ms, found 5 plugins.
Preloading 1 native plugins for Editor in 0.27 ms.
Unloading 126 Unused Serialized files (Serialized files now loaded: 0)
Unloading 126 unused Assets / (8.7 MB). Loaded Objects now: 7249.
Memory consumption went from 297.9 MB to 289.3 MB.
Total: 36.679333 ms (FindLiveObjects: 0.426291 ms CreateObjectMapping: 0.086500 ms MarkObjects: 33.571875 ms  DeleteObjects: 2.594166 ms)

AssetImportParameters requested are different than current active one (requested -> active):
  custom:video-decoder-ogg-theora: a1e56fd34408186e4bbccfd4996cb3dc -> 
  custom:container-muxer-webm: aa71ff27fc2769a1b78a27578f13a17b -> 
  custom:container-demuxer-webm: 4f35f7cbe854078d1ac9338744f61a02 -> 
  custom:video-encoder-webm-vp8: eb34c28f22e8b96e1ab97ce403110664 -> 
  custom:framework-osx-AVFoundation: e770b220cccbd017edd2c1fefb359320 -> 
  custom:audio-encoder-webm-vorbis: bf7c407c2cedff20999df2af8eb42d56 -> 
  custom:container-demuxer-ogg: 62fdf1f143b41e24485cea50d1cbac27 -> 
  custom:video-decoder-webm-vp8: 9c59270c3fd7afecdb556c50c9e8de78 -> 
  custom:audio-decoder-ogg-vorbis: bf7c407c2cedff20999df2af8eb42d56 -> 
========================================================================
Received Import Request.
  Time since last request: 1412.253646 seconds.
  path: Assets/Scenes/Supermarket_01.unity
  artifactKey: Guid(e8a38ce024bda0649bc6f5f575f35bd3) Importer(815301076,1909f56bfc062723c751e8b465ee728b)
Start importing Assets/Scenes/Supermarket_01.unity using Guid(e8a38ce024bda0649bc6f5f575f35bd3) Importer(815301076,1909f56bfc062723c751e8b465ee728b)  -> (artifact id: '0a60c00950b88729d8de63f1943add11') in 0.044481 seconds 
========================================================================
Received Prepare
Shader 'Oculus/OVRMRCameraFrameLit': fallback shader 'Alpha-Diffuse' not found
Shader 'Oculus/OVRMRCameraFrameLit': fallback shader 'Alpha-Diffuse' not found
Refreshing native plugins compatible for Editor in 9.86 ms, found 5 plugins.
Preloading 1 native plugins for Editor in 0.41 ms.
Unloading 126 Unused Serialized files (Serialized files now loaded: 0)
Unloading 126 unused Assets / (8.7 MB). Loaded Objects now: 7249.
Memory consumption went from 297.9 MB to 289.3 MB.
Total: 15.794250 ms (FindLiveObjects: 0.396500 ms CreateObjectMapping: 0.087666 ms MarkObjects: 12.208667 ms  DeleteObjects: 3.100875 ms)

AssetImportParameters requested are different than current active one (requested -> active):
  custom:video-decoder-ogg-theora: a1e56fd34408186e4bbccfd4996cb3dc -> 
  custom:container-muxer-webm: aa71ff27fc2769a1b78a27578f13a17b -> 
  custom:container-demuxer-webm: 4f35f7cbe854078d1ac9338744f61a02 -> 
  custom:video-encoder-webm-vp8: eb34c28f22e8b96e1ab97ce403110664 -> 
  custom:framework-osx-AVFoundation: e770b220cccbd017edd2c1fefb359320 -> 
  custom:audio-encoder-webm-vorbis: bf7c407c2cedff20999df2af8eb42d56 -> 
  custom:container-demuxer-ogg: 62fdf1f143b41e24485cea50d1cbac27 -> 
  custom:video-decoder-webm-vp8: 9c59270c3fd7afecdb556c50c9e8de78 -> 
  custom:audio-decoder-ogg-vorbis: bf7c407c2cedff20999df2af8eb42d56 -> 
========================================================================
Received Import Request.
  Time since last request: 514.972591 seconds.
  path: Assets/Scenes/Supermarket_01.unity
  artifactKey: Guid(e8a38ce024bda0649bc6f5f575f35bd3) Importer(815301076,1909f56bfc062723c751e8b465ee728b)
Start importing Assets/Scenes/Supermarket_01.unity using Guid(e8a38ce024bda0649bc6f5f575f35bd3) Importer(815301076,1909f56bfc062723c751e8b465ee728b)  -> (artifact id: 'b6516b4e11b27c30969b3eae1a5d1741') in 0.014439 seconds 
========================================================================
Received Prepare
Registering precompiled user dll's ...
Registered in 0.001712 seconds.
Begin MonoManager ReloadAssembly
Thread 0x2829c7000 may have been prematurely finalized
Symbol file LoadedFromMemory doesn't match image /Users/sarahju/VR_Shopping_7/Library/PackageCache/com.unity.visualscripting@1.7.6/Editor/VisualScripting.Core/Dependencies/DotNetZip/Unity.VisualScripting.IonicZip.dll
Symbol file LoadedFromMemory doesn't match image /Users/sarahju/VR_Shopping_7/Library/PackageCache/com.unity.visualscripting@1.7.6/Editor/VisualScripting.Core/Dependencies/YamlDotNet/Unity.VisualScripting.YamlDotNet.dll
Native extension for OSXStandalone target not found
Refreshing native plugins compatible for Editor in 1.59 ms, found 5 plugins.
Preloading 1 native plugins for Editor in 0.27 ms.
Mono: successfully reloaded assembly
- Completed reload, in  1.109 seconds
Domain Reload Profiling:
	ReloadAssembly (1110ms)
		BeginReloadAssembly (209ms)
			ExecutionOrderSort (0ms)
			DisableScriptedObjects (19ms)
			BackupInstance (0ms)
			ReleaseScriptingObjects (0ms)
			CreateAndSetChildDomain (92ms)
		EndReloadAssembly (819ms)
			LoadAssemblies (137ms)
			RebuildTransferFunctionScriptingTraits (0ms)
			SetupTypeCache (238ms)
			ReleaseScriptCaches (12ms)
			RebuildScriptCaches (47ms)
			SetupLoadedEditorAssemblies (362ms)
				LogAssemblyErrors (0ms)
				InitializePlatformSupportModulesInManaged (5ms)
				SetLoadedEditorAssemblies (0ms)
				RefreshPlugins (2ms)
				BeforeProcessingInitializeOnLoad (52ms)
				ProcessInitializeOnLoadAttributes (266ms)
				ProcessInitializeOnLoadMethodAttributes (36ms)
				AfterProcessingInitializeOnLoad (1ms)
				EditorAssembliesLoaded (0ms)
			ExecutionOrderSort2 (0ms)
			AwakeInstancesAfterBackupRestoration (5ms)
Platform modules already initialized, skipping
Switching build target platform(2) subTarget(0) extendedPlatform(0) -> platform(13) subTarget(0) extendedPlatform(0)
Shader 'Oculus/OVRMRCameraFrameLit': fallback shader 'Alpha-Diffuse' not found
Shader 'Oculus/OVRMRCameraFrameLit': fallback shader 'Alpha-Diffuse' not found
Refreshing native plugins compatible for Editor in 0.94 ms, found 5 plugins.
Preloading 1 native plugins for Editor in 0.23 ms.
Unloading 6577 Unused Serialized files (Serialized files now loaded: 0)
Unloading 129 unused Assets / (8.7 MB). Loaded Objects now: 7222.
Memory consumption went from 443.6 MB to 434.9 MB.
Total: 5.960541 ms (FindLiveObjects: 0.388792 ms CreateObjectMapping: 0.185541 ms MarkObjects: 3.082625 ms  DeleteObjects: 2.302833 ms)

AssetImportParameters requested are different than current active one (requested -> active):
  custom:video-decoder-ogg-theora: a1e56fd34408186e4bbccfd4996cb3dc -> 
  custom:container-muxer-webm: aa71ff27fc2769a1b78a27578f13a17b -> 
  custom:container-demuxer-webm: 4f35f7cbe854078d1ac9338744f61a02 -> 
  custom:video-encoder-webm-vp8: eb34c28f22e8b96e1ab97ce403110664 -> 
  custom:framework-osx-AVFoundation: e770b220cccbd017edd2c1fefb359320 -> 
  custom:audio-encoder-webm-vorbis: bf7c407c2cedff20999df2af8eb42d56 -> 
  custom:container-demuxer-ogg: 62fdf1f143b41e24485cea50d1cbac27 -> 
  custom:video-decoder-webm-vp8: 9c59270c3fd7afecdb556c50c9e8de78 -> 
  custom:audio-decoder-ogg-vorbis: bf7c407c2cedff20999df2af8eb42d56 -> 
========================================================================
Received Prepare
Shader 'Oculus/OVRMRCameraFrameLit': fallback shader 'Alpha-Diffuse' not found
Shader 'Oculus/OVRMRCameraFrameLit': fallback shader 'Alpha-Diffuse' not found
Refreshing native plugins compatible for Editor in 9.73 ms, found 5 plugins.
Preloading 1 native plugins for Editor in 0.21 ms.
Unloading 126 Unused Serialized files (Serialized files now loaded: 0)
Unloading 126 unused Assets / (8.7 MB). Loaded Objects now: 7222.
Memory consumption went from 295.5 MB to 286.8 MB.
Total: 17.013584 ms (FindLiveObjects: 0.293750 ms CreateObjectMapping: 0.084000 ms MarkObjects: 13.676916 ms  DeleteObjects: 2.958542 ms)

AssetImportParameters requested are different than current active one (requested -> active):
  custom:video-decoder-ogg-theora: a1e56fd34408186e4bbccfd4996cb3dc -> 
  custom:container-muxer-webm: aa71ff27fc2769a1b78a27578f13a17b -> 
  custom:container-demuxer-webm: 4f35f7cbe854078d1ac9338744f61a02 -> 
  custom:video-encoder-webm-vp8: eb34c28f22e8b96e1ab97ce403110664 -> 
  custom:framework-osx-AVFoundation: e770b220cccbd017edd2c1fefb359320 -> 
  custom:audio-encoder-webm-vorbis: bf7c407c2cedff20999df2af8eb42d56 -> 
  custom:container-demuxer-ogg: 62fdf1f143b41e24485cea50d1cbac27 -> 
  custom:video-decoder-webm-vp8: 9c59270c3fd7afecdb556c50c9e8de78 -> 
  custom:audio-decoder-ogg-vorbis: bf7c407c2cedff20999df2af8eb42d56 -> 
========================================================================
Received Import Request.
  Time since last request: 480.653274 seconds.
  path: Assets/Scenes/Supermarket_01.unity
  artifactKey: Guid(e8a38ce024bda0649bc6f5f575f35bd3) Importer(815301076,1909f56bfc062723c751e8b465ee728b)
Start importing Assets/Scenes/Supermarket_01.unity using Guid(e8a38ce024bda0649bc6f5f575f35bd3) Importer(815301076,1909f56bfc062723c751e8b465ee728b)  -> (artifact id: '0dac4b28e28c3d0fdfee25d24fb1cb20') in 0.197911 seconds 
========================================================================
Received Prepare
Shader 'Oculus/OVRMRCameraFrameLit': fallback shader 'Alpha-Diffuse' not found
Shader 'Oculus/OVRMRCameraFrameLit': fallback shader 'Alpha-Diffuse' not found
Refreshing native plugins compatible for Editor in 13.52 ms, found 5 plugins.
Preloading 1 native plugins for Editor in 0.24 ms.
Unloading 126 Unused Serialized files (Serialized files now loaded: 0)
Unloading 126 unused Assets / (8.7 MB). Loaded Objects now: 7222.
Memory consumption went from 295.6 MB to 287.0 MB.
Total: 34.232375 ms (FindLiveObjects: 0.542292 ms CreateObjectMapping: 0.094416 ms MarkObjects: 30.414042 ms  DeleteObjects: 3.180959 ms)

AssetImportParameters requested are different than current active one (requested -> active):
  custom:video-decoder-ogg-theora: a1e56fd34408186e4bbccfd4996cb3dc -> 
  custom:container-muxer-webm: aa71ff27fc2769a1b78a27578f13a17b -> 
  custom:container-demuxer-webm: 4f35f7cbe854078d1ac9338744f61a02 -> 
  custom:video-encoder-webm-vp8: eb34c28f22e8b96e1ab97ce403110664 -> 
  custom:framework-osx-AVFoundation: e770b220cccbd017edd2c1fefb359320 -> 
  custom:audio-encoder-webm-vorbis: bf7c407c2cedff20999df2af8eb42d56 -> 
  custom:container-demuxer-ogg: 62fdf1f143b41e24485cea50d1cbac27 -> 
  custom:video-decoder-webm-vp8: 9c59270c3fd7afecdb556c50c9e8de78 -> 
  custom:audio-decoder-ogg-vorbis: bf7c407c2cedff20999df2af8eb42d56 -> 
========================================================================
Received Prepare
Shader 'Oculus/OVRMRCameraFrameLit': fallback shader 'Alpha-Diffuse' not found
Shader 'Oculus/OVRMRCameraFrameLit': fallback shader 'Alpha-Diffuse' not found
Refreshing native plugins compatible for Editor in 4.33 ms, found 5 plugins.
Preloading 1 native plugins for Editor in 0.19 ms.
Unloading 126 Unused Serialized files (Serialized files now loaded: 0)
Unloading 126 unused Assets / (8.7 MB). Loaded Objects now: 7222.
Memory consumption went from 295.6 MB to 287.0 MB.
Total: 16.873709 ms (FindLiveObjects: 0.524000 ms CreateObjectMapping: 0.095542 ms MarkObjects: 13.400333 ms  DeleteObjects: 2.853375 ms)

AssetImportParameters requested are different than current active one (requested -> active):
  custom:video-decoder-ogg-theora: a1e56fd34408186e4bbccfd4996cb3dc -> 
  custom:container-muxer-webm: aa71ff27fc2769a1b78a27578f13a17b -> 
  custom:container-demuxer-webm: 4f35f7cbe854078d1ac9338744f61a02 -> 
  custom:video-encoder-webm-vp8: eb34c28f22e8b96e1ab97ce403110664 -> 
  custom:framework-osx-AVFoundation: e770b220cccbd017edd2c1fefb359320 -> 
  custom:audio-encoder-webm-vorbis: bf7c407c2cedff20999df2af8eb42d56 -> 
  custom:container-demuxer-ogg: 62fdf1f143b41e24485cea50d1cbac27 -> 
  custom:video-decoder-webm-vp8: 9c59270c3fd7afecdb556c50c9e8de78 -> 
  custom:audio-decoder-ogg-vorbis: bf7c407c2cedff20999df2af8eb42d56 -> 
========================================================================
Received Prepare
Shader 'Oculus/OVRMRCameraFrameLit': fallback shader 'Alpha-Diffuse' not found
Shader 'Oculus/OVRMRCameraFrameLit': fallback shader 'Alpha-Diffuse' not found
Refreshing native plugins compatible for Editor in 18.34 ms, found 5 plugins.
Preloading 1 native plugins for Editor in 0.22 ms.
Unloading 126 Unused Serialized files (Serialized files now loaded: 0)
Unloading 126 unused Assets / (8.7 MB). Loaded Objects now: 7222.
Memory consumption went from 295.7 MB to 287.0 MB.
Total: 25.466250 ms (FindLiveObjects: 0.741375 ms CreateObjectMapping: 0.099500 ms MarkObjects: 21.727041 ms  DeleteObjects: 2.897291 ms)

AssetImportParameters requested are different than current active one (requested -> active):
  custom:video-decoder-ogg-theora: a1e56fd34408186e4bbccfd4996cb3dc -> 
  custom:container-muxer-webm: aa71ff27fc2769a1b78a27578f13a17b -> 
  custom:container-demuxer-webm: 4f35f7cbe854078d1ac9338744f61a02 -> 
  custom:video-encoder-webm-vp8: eb34c28f22e8b96e1ab97ce403110664 -> 
  custom:framework-osx-AVFoundation: e770b220cccbd017edd2c1fefb359320 -> 
  custom:audio-encoder-webm-vorbis: bf7c407c2cedff20999df2af8eb42d56 -> 
  custom:container-demuxer-ogg: 62fdf1f143b41e24485cea50d1cbac27 -> 
  custom:video-decoder-webm-vp8: 9c59270c3fd7afecdb556c50c9e8de78 -> 
  custom:audio-decoder-ogg-vorbis: bf7c407c2cedff20999df2af8eb42d56 -> 
========================================================================
Received Import Request.
  Time since last request: 493.156501 seconds.
  path: Assets/Scenes/Supermarket_01.unity
  artifactKey: Guid(e8a38ce024bda0649bc6f5f575f35bd3) Importer(815301076,1909f56bfc062723c751e8b465ee728b)
Start importing Assets/Scenes/Supermarket_01.unity using Guid(e8a38ce024bda0649bc6f5f575f35bd3) Importer(815301076,1909f56bfc062723c751e8b465ee728b)  -> (artifact id: 'c3c28ac21f18ee7465b1fdaa83ba0db5') in 0.016336 seconds 
========================================================================
Received Prepare
Shader 'Oculus/OVRMRCameraFrameLit': fallback shader 'Alpha-Diffuse' not found
Shader 'Oculus/OVRMRCameraFrameLit': fallback shader 'Alpha-Diffuse' not found
Refreshing native plugins compatible for Editor in 3.20 ms, found 5 plugins.
Preloading 1 native plugins for Editor in 0.20 ms.
Unloading 126 Unused Serialized files (Serialized files now loaded: 0)
Unloading 126 unused Assets / (8.7 MB). Loaded Objects now: 7222.
Memory consumption went from 295.6 MB to 287.0 MB.
Total: 21.784875 ms (FindLiveObjects: 0.490625 ms CreateObjectMapping: 0.092166 ms MarkObjects: 18.015167 ms  DeleteObjects: 3.186500 ms)

AssetImportParameters requested are different than current active one (requested -> active):
  custom:video-decoder-ogg-theora: a1e56fd34408186e4bbccfd4996cb3dc -> 
  custom:container-muxer-webm: aa71ff27fc2769a1b78a27578f13a17b -> 
  custom:container-demuxer-webm: 4f35f7cbe854078d1ac9338744f61a02 -> 
  custom:video-encoder-webm-vp8: eb34c28f22e8b96e1ab97ce403110664 -> 
  custom:framework-osx-AVFoundation: e770b220cccbd017edd2c1fefb359320 -> 
  custom:audio-encoder-webm-vorbis: bf7c407c2cedff20999df2af8eb42d56 -> 
  custom:container-demuxer-ogg: 62fdf1f143b41e24485cea50d1cbac27 -> 
  custom:video-decoder-webm-vp8: 9c59270c3fd7afecdb556c50c9e8de78 -> 
  custom:audio-decoder-ogg-vorbis: bf7c407c2cedff20999df2af8eb42d56 -> 
========================================================================
Received Prepare
Shader 'Oculus/OVRMRCameraFrameLit': fallback shader 'Alpha-Diffuse' not found
Shader 'Oculus/OVRMRCameraFrameLit': fallback shader 'Alpha-Diffuse' not found
Refreshing native plugins compatible for Editor in 10.54 ms, found 5 plugins.
Preloading 1 native plugins for Editor in 0.22 ms.
Unloading 126 Unused Serialized files (Serialized files now loaded: 0)
Unloading 126 unused Assets / (8.7 MB). Loaded Objects now: 7222.
Memory consumption went from 295.7 MB to 287.0 MB.
Total: 35.847334 ms (FindLiveObjects: 6.515500 ms CreateObjectMapping: 0.113750 ms MarkObjects: 25.588000 ms  DeleteObjects: 3.629250 ms)

AssetImportParameters requested are different than current active one (requested -> active):
  custom:video-decoder-ogg-theora: a1e56fd34408186e4bbccfd4996cb3dc -> 
  custom:container-muxer-webm: aa71ff27fc2769a1b78a27578f13a17b -> 
  custom:container-demuxer-webm: 4f35f7cbe854078d1ac9338744f61a02 -> 
  custom:video-encoder-webm-vp8: eb34c28f22e8b96e1ab97ce403110664 -> 
  custom:framework-osx-AVFoundation: e770b220cccbd017edd2c1fefb359320 -> 
  custom:audio-encoder-webm-vorbis: bf7c407c2cedff20999df2af8eb42d56 -> 
  custom:container-demuxer-ogg: 62fdf1f143b41e24485cea50d1cbac27 -> 
  custom:video-decoder-webm-vp8: 9c59270c3fd7afecdb556c50c9e8de78 -> 
  custom:audio-decoder-ogg-vorbis: bf7c407c2cedff20999df2af8eb42d56 -> 
========================================================================
Received Prepare
Shader 'Oculus/OVRMRCameraFrameLit': fallback shader 'Alpha-Diffuse' not found
Shader 'Oculus/OVRMRCameraFrameLit': fallback shader 'Alpha-Diffuse' not found
Refreshing native plugins compatible for Editor in 11.24 ms, found 5 plugins.
Preloading 1 native plugins for Editor in 0.19 ms.
Unloading 126 Unused Serialized files (Serialized files now loaded: 0)
Unloading 126 unused Assets / (8.7 MB). Loaded Objects now: 7222.
Memory consumption went from 295.7 MB to 287.0 MB.
Total: 22.563834 ms (FindLiveObjects: 0.509375 ms CreateObjectMapping: 0.090333 ms MarkObjects: 19.004417 ms  DeleteObjects: 2.959417 ms)

AssetImportParameters requested are different than current active one (requested -> active):
  custom:video-decoder-ogg-theora: a1e56fd34408186e4bbccfd4996cb3dc -> 
  custom:container-muxer-webm: aa71ff27fc2769a1b78a27578f13a17b -> 
  custom:container-demuxer-webm: 4f35f7cbe854078d1ac9338744f61a02 -> 
  custom:video-encoder-webm-vp8: eb34c28f22e8b96e1ab97ce403110664 -> 
  custom:framework-osx-AVFoundation: e770b220cccbd017edd2c1fefb359320 -> 
  custom:audio-encoder-webm-vorbis: bf7c407c2cedff20999df2af8eb42d56 -> 
  custom:container-demuxer-ogg: 62fdf1f143b41e24485cea50d1cbac27 -> 
  custom:video-decoder-webm-vp8: 9c59270c3fd7afecdb556c50c9e8de78 -> 
  custom:audio-decoder-ogg-vorbis: bf7c407c2cedff20999df2af8eb42d56 -> 
========================================================================
Received Prepare
Shader 'Oculus/OVRMRCameraFrameLit': fallback shader 'Alpha-Diffuse' not found
Shader 'Oculus/OVRMRCameraFrameLit': fallback shader 'Alpha-Diffuse' not found
Refreshing native plugins compatible for Editor in 9.54 ms, found 5 plugins.
Preloading 1 native plugins for Editor in 0.94 ms.
Unloading 126 Unused Serialized files (Serialized files now loaded: 0)
Unloading 126 unused Assets / (8.7 MB). Loaded Objects now: 7222.
Memory consumption went from 295.6 MB to 287.0 MB.
Total: 24.702708 ms (FindLiveObjects: 1.392583 ms CreateObjectMapping: 0.130250 ms MarkObjects: 19.910458 ms  DeleteObjects: 3.268625 ms)

AssetImportParameters requested are different than current active one (requested -> active):
  custom:video-decoder-ogg-theora: a1e56fd34408186e4bbccfd4996cb3dc -> 
  custom:container-muxer-webm: aa71ff27fc2769a1b78a27578f13a17b -> 
  custom:container-demuxer-webm: 4f35f7cbe854078d1ac9338744f61a02 -> 
  custom:video-encoder-webm-vp8: eb34c28f22e8b96e1ab97ce403110664 -> 
  custom:framework-osx-AVFoundation: e770b220cccbd017edd2c1fefb359320 -> 
  custom:audio-encoder-webm-vorbis: bf7c407c2cedff20999df2af8eb42d56 -> 
  custom:container-demuxer-ogg: 62fdf1f143b41e24485cea50d1cbac27 -> 
  custom:video-decoder-webm-vp8: 9c59270c3fd7afecdb556c50c9e8de78 -> 
  custom:audio-decoder-ogg-vorbis: bf7c407c2cedff20999df2af8eb42d56 -> 
========================================================================
Received Prepare
Shader 'Oculus/OVRMRCameraFrameLit': fallback shader 'Alpha-Diffuse' not found
Shader 'Oculus/OVRMRCameraFrameLit': fallback shader 'Alpha-Diffuse' not found
Refreshing native plugins compatible for Editor in 2.98 ms, found 5 plugins.
Preloading 1 native plugins for Editor in 0.17 ms.
Unloading 126 Unused Serialized files (Serialized files now loaded: 0)
Unloading 126 unused Assets / (8.7 MB). Loaded Objects now: 7222.
Memory consumption went from 295.7 MB to 287.0 MB.
Total: 22.086166 ms (FindLiveObjects: 0.468042 ms CreateObjectMapping: 0.085334 ms MarkObjects: 18.259416 ms  DeleteObjects: 3.272833 ms)

AssetImportParameters requested are different than current active one (requested -> active):
  custom:video-decoder-ogg-theora: a1e56fd34408186e4bbccfd4996cb3dc -> 
  custom:container-muxer-webm: aa71ff27fc2769a1b78a27578f13a17b -> 
  custom:container-demuxer-webm: 4f35f7cbe854078d1ac9338744f61a02 -> 
  custom:video-encoder-webm-vp8: eb34c28f22e8b96e1ab97ce403110664 -> 
  custom:framework-osx-AVFoundation: e770b220cccbd017edd2c1fefb359320 -> 
  custom:audio-encoder-webm-vorbis: bf7c407c2cedff20999df2af8eb42d56 -> 
  custom:container-demuxer-ogg: 62fdf1f143b41e24485cea50d1cbac27 -> 
  custom:video-decoder-webm-vp8: 9c59270c3fd7afecdb556c50c9e8de78 -> 
  custom:audio-decoder-ogg-vorbis: bf7c407c2cedff20999df2af8eb42d56 -> 
========================================================================
Received Prepare
Shader 'Oculus/OVRMRCameraFrameLit': fallback shader 'Alpha-Diffuse' not found
Shader 'Oculus/OVRMRCameraFrameLit': fallback shader 'Alpha-Diffuse' not found
Refreshing native plugins compatible for Editor in 9.42 ms, found 5 plugins.
Preloading 1 native plugins for Editor in 0.23 ms.
Unloading 126 Unused Serialized files (Serialized files now loaded: 0)
Unloading 126 unused Assets / (8.7 MB). Loaded Objects now: 7222.
Memory consumption went from 295.7 MB to 287.0 MB.
Total: 23.242125 ms (FindLiveObjects: 0.472417 ms CreateObjectMapping: 0.093792 ms MarkObjects: 19.718250 ms  DeleteObjects: 2.957125 ms)

AssetImportParameters requested are different than current active one (requested -> active):
  custom:video-decoder-ogg-theora: a1e56fd34408186e4bbccfd4996cb3dc -> 
  custom:container-muxer-webm: aa71ff27fc2769a1b78a27578f13a17b -> 
  custom:container-demuxer-webm: 4f35f7cbe854078d1ac9338744f61a02 -> 
  custom:video-encoder-webm-vp8: eb34c28f22e8b96e1ab97ce403110664 -> 
  custom:framework-osx-AVFoundation: e770b220cccbd017edd2c1fefb359320 -> 
  custom:audio-encoder-webm-vorbis: bf7c407c2cedff20999df2af8eb42d56 -> 
  custom:container-demuxer-ogg: 62fdf1f143b41e24485cea50d1cbac27 -> 
  custom:video-decoder-webm-vp8: 9c59270c3fd7afecdb556c50c9e8de78 -> 
  custom:audio-decoder-ogg-vorbis: bf7c407c2cedff20999df2af8eb42d56 -> 
========================================================================
Received Prepare
Shader 'Oculus/OVRMRCameraFrameLit': fallback shader 'Alpha-Diffuse' not found
Shader 'Oculus/OVRMRCameraFrameLit': fallback shader 'Alpha-Diffuse' not found
Refreshing native plugins compatible for Editor in 3.00 ms, found 5 plugins.
Preloading 1 native plugins for Editor in 0.20 ms.
Unloading 126 Unused Serialized files (Serialized files now loaded: 0)
Unloading 126 unused Assets / (8.7 MB). Loaded Objects now: 7222.
Memory consumption went from 295.6 MB to 287.0 MB.
Total: 23.619708 ms (FindLiveObjects: 0.486667 ms CreateObjectMapping: 0.096292 ms MarkObjects: 20.080583 ms  DeleteObjects: 2.955500 ms)

AssetImportParameters requested are different than current active one (requested -> active):
  custom:video-decoder-ogg-theora: a1e56fd34408186e4bbccfd4996cb3dc -> 
  custom:container-muxer-webm: aa71ff27fc2769a1b78a27578f13a17b -> 
  custom:container-demuxer-webm: 4f35f7cbe854078d1ac9338744f61a02 -> 
  custom:video-encoder-webm-vp8: eb34c28f22e8b96e1ab97ce403110664 -> 
  custom:framework-osx-AVFoundation: e770b220cccbd017edd2c1fefb359320 -> 
  custom:audio-encoder-webm-vorbis: bf7c407c2cedff20999df2af8eb42d56 -> 
  custom:container-demuxer-ogg: 62fdf1f143b41e24485cea50d1cbac27 -> 
  custom:video-decoder-webm-vp8: 9c59270c3fd7afecdb556c50c9e8de78 -> 
  custom:audio-decoder-ogg-vorbis: bf7c407c2cedff20999df2af8eb42d56 -> 
